A51 MACRO ASSEMBLER  50MS                                                                 01/06/2021 11:01:55 PAGE     1


MACRO ASSEMBLER A51 V8.02
OBJECT MODULE PLACED IN 50ms.OBJ
ASSEMBLER INVOKED BY: C:\Keil_v5\C51\BIN\A51.EXE 50ms.asm SET(SMALL) DEBUG EP

LOC  OBJ            LINE     SOURCE

                       1     ;TAO KHOANG THOI GIAN CHO DUNG BANG 50MS DOI VOI THACH ANH 12MHz
0000                   2                     org 00h
                       3     
0000                   4                     main:
0000 758901            5                             mov tmod,#01h
                       6     
0003                   7                     loop:
0003 B290              8                             CPL P1.0
0005 1109              9                             ACALL DELAY50mS
0007 80FA             10                             jmp loop
                      11     
0009                  12                     DELAY50mS:
0009 7832             13                             MOV R0,#50
                      14                     
000B                  15                     DELAY1mS:
000B 758CFC           16                                     MOV TH0,#0FCh  ;65536-1000
000E 758A18           17                                     MOV TL0,#18h
0011 D28C             18                                     SETB TR0
0013 308DFD           19                                     JNB TF0,$
0016 C28C             20                                     CLR TR0
0018 C28D             21                                     CLR TF0
001A D8EF             22                                     DJNZ R0,DELAY1mS
001C 22               23                             RET
                      24     END
A51 MACRO ASSEMBLER  50MS                                                                 01/06/2021 11:01:55 PAGE     2

SYMBOL TABLE LISTING
------ ----- -------


N A M E             T Y P E  V A L U E   ATTRIBUTES

DELAY1MS . . . . .  C ADDR   000BH   A   
DELAY50MS. . . . .  C ADDR   0009H   A   
LOOP . . . . . . .  C ADDR   0003H   A   
MAIN . . . . . . .  C ADDR   0000H   A   
P1 . . . . . . . .  D ADDR   0090H   A   
TF0. . . . . . . .  B ADDR   0088H.5 A   
TH0. . . . . . . .  D ADDR   008CH   A   
TL0. . . . . . . .  D ADDR   008AH   A   
TMOD . . . . . . .  D ADDR   0089H   A   
TR0. . . . . . . .  B ADDR   0088H.4 A   


REGISTER BANK(S) USED: 0 


ASSEMBLY COMPLETE.  0 WARNING(S), 0 ERROR(S)
