A51 MACRO ASSEMBLER  LEDNHAPNHAY                                                          01/07/2021 16:08:59 PAGE     1


MACRO ASSEMBLER A51 V8.02
OBJECT MODULE PLACED IN lednhapnhay.OBJ
ASSEMBLER INVOKED BY: C:\Keil_v5\C51\BIN\A51.EXE lednhapnhay.asm SET(SMALL) DEBUG EP

LOC  OBJ            LINE     SOURCE

0000                   1     ORG 0000H
0000                   2     MAIN:
                       3     
                       4     
0000 75A001            5             MOV P2,#01h
0003 112A              6             CALL DELAY
0005 75A003            7             MOV P2,#03h
0008 112A              8             CALL DELAY
000A 75A007            9             MOV P2,#07h
000D 112A             10             CALL DELAY
000F 75A00F           11             MOV P2,#0FH
0012 112A             12             CALL DELAY
0014 75A01F           13             MOV P2,#01FH
0017 112A             14             CALL DELAY
0019 75A03F           15             MOV P2,#03FH
001C 112A             16             CALL DELAY
001E 75A07F           17             MOV P2,#07FH
0021 112A             18             CALL DELAY
0023 75A0FF           19             MOV P2,#0FFH
0026 112A             20             CALL DELAY
                      21     
                      22     
                      23     
                      24     
                      25     
                      26     
                      27     
                      28     
                      29     
                      30     
                      31     
                      32     
                      33     
                      34     
                      35     
                      36     
                      37     
                      38     
                      39     
                      40     
                      41     
                      42     
                      43     
                      44     
                      45     
                      46     
                      47     
                      48     
                      49     
                      50     
                      51     
                      52     
                      53     
                      54     
                      55     
                      56     
                      57     
                      58     
A51 MACRO ASSEMBLER  LEDNHAPNHAY                                                          01/07/2021 16:08:59 PAGE     2

                      59     
                      60     
                      61     
                      62     
                      63     
                      64     
                      65     
                      66     
                      67     
                      68     
                      69     
                      70     
                      71     
0028 80D6             72     JMP MAIN
002A                  73     DELAY:
002A 758901           74             MOV TMOD,#01H
002D 758DFC           75             MOV TH1,#0FCH
0030 758B18           76             MOV TL1,#18H
0033 D28E             77             SETB TR1
0035 308FFD           78             JNB TF1,$
0038 C28E             79             CLR TR1
003A C28F             80             CLR TF1
003C 22               81     RET
                      82     END
A51 MACRO ASSEMBLER  LEDNHAPNHAY                                                          01/07/2021 16:08:59 PAGE     3

SYMBOL TABLE LISTING
------ ----- -------


N A M E             T Y P E  V A L U E   ATTRIBUTES

DELAY. . . . . . .  C ADDR   002AH   A   
MAIN . . . . . . .  C ADDR   0000H   A   
P2 . . . . . . . .  D ADDR   00A0H   A   
TF1. . . . . . . .  B ADDR   0088H.7 A   
TH1. . . . . . . .  D ADDR   008DH   A   
TL1. . . . . . . .  D ADDR   008BH   A   
TMOD . . . . . . .  D ADDR   0089H   A   
TR1. . . . . . . .  B ADDR   0088H.6 A   


REGISTER BANK(S) USED: 0 


ASSEMBLY COMPLETE.  0 WARNING(S), 0 ERROR(S)
