C51 COMPILER V8.05a   BAODONG                                                              03/16/2012 17:54:37 PAGE 1   


C51 COMPILER V8.05a, COMPILATION OF MODULE BAODONG
OBJECT MODULE PLACED IN baodong.OBJ
COMPILER INVOKED BY: C:\Keil\C51\BIN\C51.EXE baodong.c BROWSE DEBUG OBJECTEXTEND

line level    source

   1          #include <reg52x2.h>
   2          #define hoatdong P1_0
   3          #define n1 P0_0
   4          #define n2 P0_1
   5          #define n3 P0_2
   6          #define n4 P0_3
   7          #define button P3_7
   8          #define baodong P3_0
   9          
  10          void main(void)
  11          {int phim_hd, nut_n1,nut_n2,nut_n3,nut_n4, nut_button;
  12   1      int dem1,temp;
  13   1      baodong = 0;    
  14   1      while(1)
  15   1      {       
  16   2              temp = 0;
  17   2              phim_hd = hoatdong;
  18   2              if(phim_hd == 0)
  19   2              {
  20   3                      temp = 1;
  21   3                      baodong = 0;
  22   3                      while(phim_hd == 0) phim_hd = hoatdong;
  23   3              }
  24   2              while (temp==1) 
  25   2              {
  26   3                      nut_button = button;
  27   3                      if (nut_button == 1) baodong = 1;
  28   3                      //kiem tra ma phim
  29   3                      nut_n1 = n1;
  30   3                      nut_n2 = n2;
  31   3                      nut_n3 = n3;
  32   3                      nut_n4 = n4;
  33   3                      if (nut_n1 == 0)
  34   3                      {
  35   4                              if (dem1==0) dem1 = 1; else dem1=0;
  36   4                              while(nut_n1 == 0) nut_n1 = n1; 
  37   4                      }
  38   3                      if (nut_n2 == 0)
  39   3                      {
  40   4                              if (dem1==1) dem1 = 2; else dem1=0;
  41   4                              while(nut_n2 == 0) nut_n2 = n2; 
  42   4                      }
  43   3                      if (nut_n3 == 0)
  44   3                      {
  45   4                              if (dem1==2) dem1 = 3; else dem1=0;
  46   4                              while(nut_n3 == 0) nut_n3 = n3; 
  47   4                      }
  48   3                      if (nut_n4 == 0)
  49   3                      {
  50   4                              if (dem1==3) dem1 = 4; else dem1=0;
  51   4                              while(nut_n4 == 0) nut_n4 = n4; 
  52   4                      }
  53   3                      if (dem1 ==4) {baodong = 0; temp=0;}
  54   3                      
  55   3              }
C51 COMPILER V8.05a   BAODONG                                                              03/16/2012 17:54:37 PAGE 2   

  56   2      
  57   2      }       
  58   1      
  59   1      }


MODULE INFORMATION:   STATIC OVERLAYABLE
   CODE SIZE        =    235    ----
   CONSTANT SIZE    =   ----    ----
   XDATA SIZE       =   ----    ----
   PDATA SIZE       =   ----    ----
   DATA SIZE        =   ----       8
   IDATA SIZE       =   ----    ----
   BIT SIZE         =   ----    ----
END OF MODULE INFORMATION.


C51 COMPILATION COMPLETE.  0 WARNING(S),  0 ERROR(S)
