C51 COMPILER V9.01   LCD8051                                                               12/09/2020 09:58:52 PAGE 1   


C51 COMPILER V9.01, COMPILATION OF MODULE LCD8051
OBJECT MODULE PLACED IN LCD8051.OBJ
COMPILER INVOKED BY: C:\Keil_v5\C51\BIN\C51.EXE LCD8051.c BROWSE DEBUG OBJECTEXTEND

line level    source

   1                                                                                                                                                                                                                                                                                          #include <REGX51.H>
   2          
   3          #define LCD_RS P2_0
   4          #define LCD_RW P2_1
   5          #define LCD_EN P2_2
   6          #define LCD_D0 P3_0
   7          #define LCD_D1 P3_1
   8          #define LCD_D2 P3_2
   9          #define LCD_D3 P3_3
  10          #define LCD_D4 P3_4
  11          #define LCD_D5 P3_5
  12          #define LCD_D6 P3_6
  13          #define LCD_D7 P3_7
  14          
  15          void delay_us (unsigned int t){
  16   1              unsigned int i;
  17   1              for (i=0;i<t;i++);
  18   1      }
  19          
  20          void delay_ms(unsigned int t){
  21   1              unsigned int i,j;
  22   1              for (i=0;i<t;i++)
  23   1              for (j=0;j<125;j++);
  24   1      }
  25          
  26          void delay (long time){
  27   1              while (time--);
  28   1      }
  29          
  30          /********chuong trinh giao tiep LCD 16x2 8bit**********/
  31          void LCD_Enable (void){
  32   1              LCD_EN = 1;
  33   1              delay_us(3);
  34   1              LCD_EN = 0;
  35   1              delay_us(50);
  36   1      }
  37          
  38          //ham gui 8 bit du lieu ra LCD
  39          void LCD_Send8Bit (unsigned char Data){
  40   1              LCD_D0 = Data & 0x01;
  41   1              LCD_D1 = (Data>>1)&1;
  42   1              LCD_D2 = (Data>>2)&1;
  43   1              LCD_D3 = (Data>>3)&1;
  44   1              LCD_D4 = (Data>>4)&1;
  45   1              LCD_D5 = (Data>>5)&1;
  46   1              LCD_D6 = (Data>>6)&1;
  47   1              LCD_D7 = (Data>>7)&1;
  48   1      }
  49          
  50          //Ham gui 1 tap lenh cho LCD
  51          void LCD_SendCommand(unsigned char command){
  52   1              LCD_Send8Bit(command >>8);/* Gui 4 bit cao */
  53   1              LCD_Enable();
  54   1              LCD_Send8Bit(command);/* Gui 4 bit thap */
  55   1              LCD_Enable();
C51 COMPILER V9.01   LCD8051                                                               12/09/2020 09:58:52 PAGE 2   

  56   1              
  57   1      }
  58          
  59          //Ham xoa man hinh LCD//
  60          void LCD_Clear(){
  61   1              LCD_SendCommand(0x01);
  62   1              delay_us(10);
  63   1      }
  64          
  65          //Ham khoi tao LCD
  66          void LCD_Init(){
  67   1              LCD_Send8Bit(0x00);    //turn on LCD
  68   1              delay(20);
  69   1              LCD_RS = 0;
  70   1              LCD_RW = 0;
  71   1              LCD_Send8Bit(0x03);    //function setting//
  72   1              LCD_Enable();
  73   1          delay_ms(5);
  74   1          LCD_Enable();
  75   1          delay_us(100);
  76   1          LCD_Enable();
  77   1          LCD_Send8Bit(0x02);   //di chuyen con tro ve dau man hnh
  78   1          LCD_Enable();
  79   1          LCD_SendCommand( 0x38 ); //lua chon che do 8 bit
  80   1          LCD_SendCommand( 0x0c);  // bat hien thi va tat con tro di
  81   1          LCD_SendCommand( 0x06 );
  82   1          LCD_SendCommand(0x01);
  83   1      }
  84          void LCD_Gotoxy(unsigned char x, unsigned char y){
  85   1              unsigned char address;
  86   1              if(!y)address=(0x80+x);
  87   1              else address=(0xc0+x);
  88   1              delay_us(1000);
  89   1              LCD_SendCommand(address);
  90   1              delay_us(50);
  91   1      }
  92          void LCD_PutChar(unsigned char Data){
  93   1              LCD_RS=1;
  94   1              LCD_SendCommand(Data);
  95   1              LCD_RS=0 ;
  96   1      }
  97          void LCD_Puts(char *s){
  98   1              while (*s){
  99   2                      LCD_PutChar(*s);
 100   2                      s++;
 101   2              }
 102   1      }
 103          
 104          void main(){
 105   1              LCD_Init();
 106   1              delay_ms(20);
 107   1              LCD_Puts("Hello");
 108   1              delay_ms(1000);
 109   1              LCD_Clear();
 110   1              LCD_Gotoxy(0,0);
 111   1              LCD_Puts("HO VAN NHAT");
 112   1              delay_ms(1000);
 113   1              LCD_Gotoxy(0,0);
 114   1              LCD_Puts("19T1051013");
 115   1              LCD_Clear();
 116   1              LCD_Gotoxy(0,0);
 117   1              LCD_Puts("KTVXL");
C51 COMPILER V9.01   LCD8051                                                               12/09/2020 09:58:52 PAGE 3   

 118   1              //LCD_Puts(" Cerato Forte");
 119   1              while(1){};
 120   1      }


MODULE INFORMATION:   STATIC OVERLAYABLE
   CODE SIZE        =    408    ----
   CONSTANT SIZE    =     35    ----
   XDATA SIZE       =   ----    ----
   PDATA SIZE       =   ----    ----
   DATA SIZE        =   ----       7
   IDATA SIZE       =   ----    ----
   BIT SIZE         =   ----    ----
END OF MODULE INFORMATION.


C51 COMPILATION COMPLETE.  0 WARNING(S),  0 ERROR(S)
